<?xml version="1.0" encoding="UTF-8"?>
<!-- Generated by org.testng.reporters.JUnitReportReporter -->
<testsuite hostname="DESKTOP-S9Q5I70" failures="0" tests="1" name="basicgen_Lib.Login_Module" time="0.010" errors="0" timestamp="2024-05-13T16:08:10 IST" skipped="0">
  <testcase classname="basicgen_Lib.Login_Module" name="LoginTest" time="0.010"/>
  <system-out/>
</testsuite> <!-- basicgen_Lib.Login_Module -->
