<?xml version="1.0" encoding="UTF-8"?>
<!-- Generated by org.testng.reporters.JUnitReportReporter -->
<testsuite hostname="DESKTOP-S9Q5I70" failures="0" tests="1" name="script1.Login" time="0.009" errors="0" timestamp="2024-05-14T13:22:58 IST" skipped="0">
  <testcase classname="script1.Login" name="logins" time="0.009"/>
  <system-out/>
</testsuite> <!-- script1.Login -->
